[debug] [2021-03-02T14:32:04.652Z] ----------------------------------------------------------------------
[debug] [2021-03-02T14:32:04.655Z] Command:       /usr/bin/node /usr/local/bin/firebase init
[debug] [2021-03-02T14:32:04.656Z] CLI Version:   9.5.0
[debug] [2021-03-02T14:32:04.656Z] Platform:      linux
[debug] [2021-03-02T14:32:04.656Z] Node Version:  v10.19.0
[debug] [2021-03-02T14:32:04.656Z] Time:          Tue Mar 02 2021 17:32:04 GMT+0300 (East Africa Time)
[debug] [2021-03-02T14:32:04.656Z] ----------------------------------------------------------------------
[debug] [2021-03-02T14:32:04.656Z] 
[debug] [2021-03-02T14:32:04.663Z] > command requires scopes: ["email","openid","https://www.googleapis.com/auth/cloudplatformprojects.readonly","https://www.googleapis.com/auth/firebase","https://www.googleapis.com/auth/cloud-platform"]
[debug] [2021-03-02T14:32:04.663Z] > authorizing via signed-in user
[info] 
     ######## #### ########  ######## ########     ###     ######  ########
     ##        ##  ##     ## ##       ##     ##  ##   ##  ##       ##
     ######    ##  ########  ######   ########  #########  ######  ######
     ##        ##  ##    ##  ##       ##     ## ##     ##       ## ##
     ##       #### ##     ## ######## ########  ##     ##  ######  ########

You're about to initialize a Firebase project in this directory:

  /home/duncan/Desktop/dashboard

Before we get started, keep in mind:

  * You are initializing in an existing Firebase project directory

[info] 
=== Project Setup
[info] 
[info] First, let's associate this project directory with a Firebase project.
[info] You can create multiple project aliases by running firebase use --add, 
[info] but for now we'll just set up a default project.
[info] 
[info] i  .firebaserc already has a default project, using parkingadmin. 
[debug] [2021-03-02T14:32:12.488Z] >>> [apiv2][query] GET https://firebase.googleapis.com/v1beta1/projects/parkingadmin [none]
[debug] [2021-03-02T14:32:13.391Z] <<< [apiv2][status] GET https://firebase.googleapis.com/v1beta1/projects/parkingadmin 403
[debug] [2021-03-02T14:32:13.391Z] <<< [apiv2][body] GET https://firebase.googleapis.com/v1beta1/projects/parkingadmin {"error":{"code":403,"message":"The caller does not have permission","status":"PERMISSION_DENIED"}}
[debug] [2021-03-02T14:32:13.392Z] HTTP Error: 403, The caller does not have permission
[debug] [2021-03-02T14:32:13.903Z] FirebaseError: HTTP Error: 403, The caller does not have permission
    at module.exports (/usr/local/lib/node_modules/firebase-tools/lib/responseToError.js:38:12)
    at Client.doRequest (/usr/local/lib/node_modules/firebase-tools/lib/apiv2.js:238:23)
    at process._tickCallback (internal/process/next_tick.js:68:7)
[error] 
[error] Error: Failed to get Firebase project parkingadmin. Please make sure the project exists and your account has permission to access it.
